[14:02:24] [main/INFO]: Setting user: Player394
[14:02:27] [Client thread/INFO]: LWJGL Version: 2.9.1
[14:02:41] [Client thread/INFO]: Reloading ResourceManager: Default, FMLFileResourcePack:Forge Mod Loader, FMLFileResourcePack:Minecraft Forge, FMLFileResourcePack:Tech Expansion
[14:02:43] [Sound Library Loader/INFO]: Sound engine started
[14:02:46] [Client thread/INFO]: Created: 16x16 textures/blocks-atlas
[14:02:46] [Client thread/INFO]: Created: 16x16 textures/items-atlas
[14:02:47] [Client thread/INFO]: Reloading ResourceManager: Default, FMLFileResourcePack:Forge Mod Loader, FMLFileResourcePack:Minecraft Forge, FMLFileResourcePack:Tech Expansion
[14:02:47] [Client thread/INFO]: Created: 512x256 textures/items-atlas
[14:02:48] [Client thread/INFO]: Created: 512x512 textures/blocks-atlas
[14:02:49] [Sound Library Loader/INFO]: Sound engine started
[14:02:54] [Server thread/INFO]: Starting integrated minecraft server version 1.7.10
[14:02:54] [Server thread/INFO]: Generating keypair
[14:02:55] [Server thread/INFO]: Preparing start region for level 0
[14:02:56] [Server thread/INFO]: Preparing spawn area: 61%
[14:02:57] [Server thread/INFO]: Changing view distance to 2, from 10
[14:02:58] [Server thread/INFO]: Player394[local:E:0f3f86d7] logged in with entity id 172 at (-70.37547619939855, 71.0, -308.8386938694409)
[14:02:58] [Server thread/INFO]: Player394 joined the game
[14:03:06] [Server thread/INFO]: Player394 has just earned the achievement [Taking Inventory]
[14:03:06] [Client thread/INFO]: [CHAT] Player394 has just earned the achievement [Taking Inventory]
[14:03:41] [Server thread/INFO]: Saving and pausing game...
[14:03:41] [Server thread/INFO]: Saving chunks for level 'MUST FIND TIN'/Overworld
[14:03:42] [Server thread/INFO]: Saving chunks for level 'MUST FIND TIN'/Nether
[14:03:42] [Server thread/INFO]: Saving chunks for level 'MUST FIND TIN'/The End
[14:03:43] [Server thread/INFO]: Stopping server
[14:03:43] [Server thread/INFO]: Saving players
[14:03:43] [Server thread/INFO]: Saving worlds
[14:03:43] [Server thread/INFO]: Saving chunks for level 'MUST FIND TIN'/Overworld
[14:03:43] [Server thread/INFO]: Saving chunks for level 'MUST FIND TIN'/Nether
[14:03:43] [Server thread/INFO]: Saving chunks for level 'MUST FIND TIN'/The End
[14:03:44] [Client thread/INFO]: Stopping!
