Symbol range map extraction starting
Processing 20 files
startProcessing "com/teamiurg/techexpansion/Initialization.java" md5: c6396eb352d6bff07de44905570fe063
Cache Hit!
endProcessing "com/teamiurg/techexpansion/Initialization.java"

startProcessing "com/teamiurg/techexpansion/TechExpansion.java" md5: 10d82e21d0a5a96976fbbf3fdbc80707
endProcessing "com/teamiurg/techexpansion/TechExpansion.java"

startProcessing "com/teamiurg/techexpansion/block/TEBlock.java" md5: 19fa1bdbf1995461182319046c9c8bbf
Cache Hit!
endProcessing "com/teamiurg/techexpansion/block/TEBlock.java"

startProcessing "com/teamiurg/techexpansion/block/TEBlocks.java" md5: 6729c0f629b15315ebf6cfeb40c93899
Cache Hit!
endProcessing "com/teamiurg/techexpansion/block/TEBlocks.java"

startProcessing "com/teamiurg/techexpansion/engine/handlers/AchievementHandler.java" md5: e21b2e9a2dc3b76396c5f529b9d61319
Cache Hit!
endProcessing "com/teamiurg/techexpansion/engine/handlers/AchievementHandler.java"

startProcessing "com/teamiurg/techexpansion/engine/handlers/OreDictionaryHandler.java" md5: f3c512145725c6bdfb92e3e943356c19
Cache Hit!
endProcessing "com/teamiurg/techexpansion/engine/handlers/OreDictionaryHandler.java"

startProcessing "com/teamiurg/techexpansion/engine/handlers/RecipeHandler.java" md5: efcd83c5dfc685675e55fa96411722c7
endProcessing "com/teamiurg/techexpansion/engine/handlers/RecipeHandler.java"

startProcessing "com/teamiurg/techexpansion/engine/proxy/ClientProxy.java" md5: fae133b918f7cea9be821ee4d5f261ef
Cache Hit!
endProcessing "com/teamiurg/techexpansion/engine/proxy/ClientProxy.java"

startProcessing "com/teamiurg/techexpansion/engine/proxy/CommonProxy.java" md5: c8da5bb2aa0c4b502cc2d86aa99f06e3
Cache Hit!
endProcessing "com/teamiurg/techexpansion/engine/proxy/CommonProxy.java"

startProcessing "com/teamiurg/techexpansion/engine/registry/RegistryHandler.java" md5: ea568c3a282cdde4ba2282c8ce6a99eb
Cache Hit!
endProcessing "com/teamiurg/techexpansion/engine/registry/RegistryHandler.java"

startProcessing "com/teamiurg/techexpansion/engine/render/RenderHandler.java" md5: 2ad3b56f05437e8b81f243d94678e110
Cache Hit!
endProcessing "com/teamiurg/techexpansion/engine/render/RenderHandler.java"

startProcessing "com/teamiurg/techexpansion/item/TEItem.java" md5: 7a0d6aa768398259fd585ccd3b9fbaf0
Cache Hit!
endProcessing "com/teamiurg/techexpansion/item/TEItem.java"

startProcessing "com/teamiurg/techexpansion/item/TEItems.java" md5: aeabcf8ee4733fc86ef78fbec69379d7
endProcessing "com/teamiurg/techexpansion/item/TEItems.java"

startProcessing "com/teamiurg/techexpansion/item/tools/TEAxe.java" md5: b04506324bab433c1d080fe7a7cfd28c
endProcessing "com/teamiurg/techexpansion/item/tools/TEAxe.java"

startProcessing "com/teamiurg/techexpansion/item/tools/TEHoe.java" md5: 589575b920a4e77a6fd261645e9fb404
Cache Hit!
endProcessing "com/teamiurg/techexpansion/item/tools/TEHoe.java"

startProcessing "com/teamiurg/techexpansion/item/tools/TEPickaxe.java" md5: ce2951e7ef1b0eb25813f6e411edac8f
Cache Hit!
endProcessing "com/teamiurg/techexpansion/item/tools/TEPickaxe.java"

startProcessing "com/teamiurg/techexpansion/item/tools/TEShovel.java" md5: 6510eaf3621fc6752954ba2bb5cb9264
Cache Hit!
endProcessing "com/teamiurg/techexpansion/item/tools/TEShovel.java"

startProcessing "com/teamiurg/techexpansion/item/tools/TESword.java" md5: 3f53ef43c578ef7700c8daf09a51f3b5
Cache Hit!
endProcessing "com/teamiurg/techexpansion/item/tools/TESword.java"

startProcessing "com/teamiurg/techexpansion/item/tools/TETools.java" md5: ff9ea5f1e6df7f8d8d87d8d5a1ee72e1
endProcessing "com/teamiurg/techexpansion/item/tools/TETools.java"

startProcessing "com/teamiurg/techexpansion/utils/Reference.java" md5: 3add0fe769f46fb6e244295fe106dc29
Cache Hit!
endProcessing "com/teamiurg/techexpansion/utils/Reference.java"

